<?xml version="1.0" encoding="UTF-8"?>
<testng-results ignored="0" total="1" passed="1" failed="0" skipped="0">
  <reporter-output>
  </reporter-output>
  <suite started-at="2021-07-26T17:52:39 PET" name="Surefire suite" finished-at="2021-07-26T17:52:39 PET" duration-ms="164">
    <groups>
    </groups>
    <test started-at="2021-07-26T17:52:39 PET" name="Surefire test" finished-at="2021-07-26T17:52:39 PET" duration-ms="164">
      <class name="vacunacion.VacunasAppTest">
        <test-method signature="mainTest()" started-at="2021-07-26T17:52:39 PET" name="mainTest" finished-at="2021-07-26T17:52:39 PET" duration-ms="33" status="PASS">
          <reporter-output>
          </reporter-output>
        </test-method> <!-- mainTest -->
      </class> <!-- vacunacion.VacunasAppTest -->
    </test> <!-- Surefire test -->
  </suite> <!-- Surefire suite -->
</testng-results>
